<?xml version="1.0" encoding="UTF-8"?>
<!-- Generated by org.testng.reporters.JUnitReportReporter -->
<testsuite hostname="DESKTOP-018S02M" failures="0" tests="1" name="testscript.LoginTest" time="8.696" errors="0" timestamp="2024-06-18T15:02:53 IST" skipped="0">
  <testcase classname="testscript.LoginTest" name="verifyTheUserAbleToLoginValidCredentials" time="8.696"/>
</testsuite> <!-- testscript.LoginTest -->
