<?xml version="1.0" encoding="UTF-8"?>
<!-- Generated by org.testng.reporters.JUnitReportReporter -->
<testsuite hostname="DESKTOP-018S02M" failures="0" tests="2" name="testscript.ManageNewsTest" time="14.856" errors="0" timestamp="2024-07-04T14:57:25 IST" skipped="0">
  <testcase classname="testscript.ManageNewsTest" name="verifyTheUserAbleToAddNewNews" time="8.327"/>
  <testcase classname="testscript.ManageNewsTest" name="verifyTheUserAbleToSearchNews" time="6.529"/>
</testsuite> <!-- testscript.ManageNewsTest -->
