<?xml version="1.0" encoding="UTF-8"?>
<!-- Generated by org.testng.reporters.JUnitReportReporter -->
<testsuite hostname="DESKTOP-018S02M" failures="0" tests="1" name="testscript.ManageProductTest" time="7.405" errors="0" timestamp="2024-06-18T15:30:37 IST" skipped="0">
  <testcase classname="testscript.ManageProductTest" name="verifyTheUserAbleToSearchProducts" time="7.405"/>
</testsuite> <!-- testscript.ManageProductTest -->
